Log file open, 07/24/18 16:10:58
LogWindows: Failed to load 'aqProf.dll' (GetLastError=126)
LogWindows: File 'aqProf.dll' does not exist
LogWindows: Failed to load 'VSPerf140.dll' (GetLastError=126)
LogWindows: File 'VSPerf140.dll' does not exist
LogWindows: Failed to load 'VtuneApi.dll' (GetLastError=126)
LogWindows: File 'VtuneApi.dll' does not exist
LogWindows: Failed to load 'VtuneApi32e.dll' (GetLastError=126)
LogWindows: File 'VtuneApi32e.dll' does not exist
LogInit: Display: Running engine for game: MechaUnreal
LogPlatformFile: Not using cached read wrapper
LogTaskGraph: Started task graph with 5 named threads and 35 total threads with 3 sets of task threads.
LogStats: Stats thread started at 0.387490
LogD3D11RHI: Loaded GFSDK_Aftermath_Lib.x64.dll
LogICUInternationalization: Display: ICU TimeZone Detection - Raw Offset: +2:00, Platform Override: ''
LogPluginManager: Mounting plugin Paper2D
LogPluginManager: Mounting plugin AISupport
LogPluginManager: Mounting plugin LightPropagationVolume
LogPluginManager: Mounting plugin CLionSourceCodeAccess
LogPluginManager: Mounting plugin CodeLiteSourceCodeAccess
LogPluginManager: Mounting plugin GitSourceControl
LogPluginManager: Mounting plugin KDevelopSourceCodeAccess
LogPluginManager: Mounting plugin NullSourceCodeAccess
LogPluginManager: Mounting plugin PerforceSourceControl
LogPluginManager: Mounting plugin SubversionSourceControl
LogPluginManager: Mounting plugin UObjectPlugin
LogPluginManager: Mounting plugin VisualStudioCodeSourceCodeAccess
LogPluginManager: Mounting plugin VisualStudioSourceCodeAccess
LogPluginManager: Mounting plugin XCodeSourceCodeAccess
LogPluginManager: Mounting plugin AssetManagerEditor
LogPluginManager: Mounting plugin CryptoKeys
LogPluginManager: Mounting plugin DataValidation
LogPluginManager: Mounting plugin FacialAnimation
LogPluginManager: Mounting plugin GameplayTagsEditor
LogPluginManager: Mounting plugin MacGraphicsSwitching
LogPluginManager: Mounting plugin MeshEditor
LogPluginManager: Mounting plugin MobileLauncherProfileWizard
LogPluginManager: Mounting plugin PluginBrowser
LogPluginManager: Mounting plugin SpeedTreeImporter
LogPluginManager: Mounting plugin DatasmithContent
LogPluginManager: Mounting plugin AlembicImporter
LogPluginManager: Mounting plugin AppleImageUtils
LogPluginManager: Mounting plugin AppleVision
LogPluginManager: Mounting plugin BackChannel
LogPluginManager: Mounting plugin CharacterAI
LogPluginManager: Mounting plugin GeometryCache
LogPluginManager: Mounting plugin HTML5Networking
LogPluginManager: Mounting plugin ProxyLODPlugin
LogPluginManager: Mounting plugin MagicLeap
LogPluginManager: Mounting plugin MagicLeapEmulator
LogPluginManager: Mounting plugin MagicLeapMedia
LogPluginManager: Mounting plugin AndroidMedia
LogPluginManager: Mounting plugin AvfMedia
LogPluginManager: Mounting plugin ImgMedia
LogPluginManager: Mounting plugin LinearTimecode
LogPluginManager: Mounting plugin MediaCompositing
LogPluginManager: Mounting plugin MediaPlayerEditor
LogPluginManager: Mounting plugin WmfMedia
LogPluginManager: Mounting plugin TcpMessaging
LogPluginManager: Mounting plugin UdpMessaging
LogPluginManager: Mounting plugin ActorSequence
LogPluginManager: Mounting plugin LevelSequenceEditor
LogPluginManager: Mounting plugin MatineeToLevelSequence
LogPluginManager: Mounting plugin NetcodeUnitTest
LogPluginManager: Mounting plugin NUTUnrealEngine4
LogPluginManager: Mounting plugin OnlineSubsystemGooglePlay
LogPluginManager: Mounting plugin OnlineSubsystemIOS
LogPluginManager: Mounting plugin OnlineSubsystem
LogPluginManager: Mounting plugin OnlineSubsystemNull
LogPluginManager: Mounting plugin OnlineSubsystemUtils
LogPluginManager: Mounting plugin LauncherChunkInstaller
LogPluginManager: Mounting plugin AndroidDeviceProfileSelector
LogPluginManager: Mounting plugin AndroidMoviePlayer
LogPluginManager: Mounting plugin AndroidPermission
LogPluginManager: Mounting plugin AppleMoviePlayer
LogPluginManager: Mounting plugin ArchVisCharacter
LogPluginManager: Mounting plugin AudioCapture
LogPluginManager: Mounting plugin CableComponent
LogPluginManager: Mounting plugin CustomMeshComponent
LogPluginManager: Mounting plugin EditableMesh
LogPluginManager: Mounting plugin ExampleDeviceProfileSelector
LogPluginManager: Mounting plugin GoogleCloudMessaging
LogPluginManager: Mounting plugin ImmediatePhysics
LogPluginManager: Mounting plugin IOSDeviceProfileSelector
LogPluginManager: Mounting plugin LinuxDeviceProfileSelector
LogPluginManager: Mounting plugin LocationServicesBPLibrary
LogPluginManager: Mounting plugin MobilePatchingUtils
LogPluginManager: Mounting plugin OculusVR
LogPluginManager: Plugin shader directory ../../../Engine/Plugins/Runtime/Oculus/OculusVR/Shaders found
LogPluginManager: Mapping shader source directory ../../../Engine/Plugins/Runtime/Oculus/OculusVR/Shaders to virtual directory /Plugin/OculusVR
LogPluginManager: Mounting plugin PhysXVehicles
LogPluginManager: Mounting plugin ProceduralMeshComponent
LogPluginManager: Mounting plugin RuntimePhysXCooking
LogPluginManager: Mounting plugin SteamVR
LogPluginManager: Mounting plugin WindowsMoviePlayer
LogStreaming: Display: Took  0.061s to configure plugins.
LogInit: Using libcurl 7.55.1-DEV
LogInit:  - built for x86_64-pc-win32
LogInit:  - supports SSL with OpenSSL/1.0.2h
LogInit:  - supports HTTP deflate (compression) using libz 1.2.8
LogInit:  - other features:
LogInit:      CURL_VERSION_SSL
LogInit:      CURL_VERSION_LIBZ
LogInit:      CURL_VERSION_IPV6
LogInit:      CURL_VERSION_ASYNCHDNS
LogInit:      CURL_VERSION_LARGEFILE
LogInit:      CURL_VERSION_IDN
LogInit:  CurlRequestOptions (configurable via config and command line):
LogInit:  - bVerifyPeer = false  - Libcurl will NOT verify peer certificate
LogInit:  - bUseHttpProxy = false  - Libcurl will NOT use HTTP proxy
LogInit:  - bDontReuseConnections = false  - Libcurl will reuse connections
LogInit:  - CertBundlePath = nullptr  - Libcurl will use whatever was configured at build time.
LogInit:  - MaxHostConnections = 16  - Libcurl will limit the number of connections to a host
LogInit:  - LocalHostAddr = Default
LogInit:  - BufferSize = 65536
LogInit: WinSock: version 1.1 (2.2), MaxSocks=32767, MaxUdp=65467
LogInit: Build: ++UE4+Release-4.20-CL-4212847
LogInit: Engine Version: 4.20.0-4212847+++UE4+Release-4.20
LogInit: Compatible Engine Version: 4.20.0-4212847+++UE4+Release-4.20
LogInit: Net CL: 4212847
LogInit: OS: Windows 10 (), CPU: Intel(R) Core(TM) i7-8700K CPU @ 3.70GHz, GPU: NVIDIA GeForce GTX 1080
LogInit: Compiled (64-bit): Jul 14 2018 09:51:14
LogInit: Compiled with Visual C++: 19.13.26129.00
LogInit: Build Configuration: Development
LogInit: Branch Name: ++UE4+Release-4.20
LogInit: Command Line:  
LogInit: Base Directory: D:/Tools/Engines/Unreal/UE_4.20/Engine/Binaries/Win64/
LogInit: Installed Engine Build: 1
LogDevObjectVersion: Number of dev versions registered: 20
LogDevObjectVersion:   Dev-Blueprints (B0D832E4-1F89-4F0D-ACCF-7EB736FD4AA2): 10
LogDevObjectVersion:   Dev-Build (E1C64328-A22C-4D53-A36C-8E866417BD8C): 0
LogDevObjectVersion:   Dev-Core (375EC13C-06E4-48FB-B500-84F0262A717E): 2
LogDevObjectVersion:   Dev-Editor (E4B068ED-F494-42E9-A231-DA0B2E46BB41): 24
LogDevObjectVersion:   Dev-Framework (CFFC743F-43B0-4480-9391-14DF171D2073): 34
LogDevObjectVersion:   Dev-Mobile (B02B49B5-BB20-44E9-A304-32B752E40360): 2
LogDevObjectVersion:   Dev-Networking (A4E4105C-59A1-49B5-A7C5-40C4547EDFEE): 0
LogDevObjectVersion:   Dev-Online (39C831C9-5AE6-47DC-9A44-9C173E1C8E7C): 0
LogDevObjectVersion:   Dev-Physics (78F01B33-EBEA-4F98-B9B4-84EACCB95AA2): 0
LogDevObjectVersion:   Dev-Platform (6631380F-2D4D-43E0-8009-CF276956A95A): 0
LogDevObjectVersion:   Dev-Rendering (12F88B9F-8875-4AFC-A67C-D90C383ABD29): 26
LogDevObjectVersion:   Dev-Sequencer (7B5AE74C-D270-4C10-A958-57980B212A5A): 9
LogDevObjectVersion:   Dev-VR (D7296918-1DD6-4BDD-9DE2-64A83CC13884): 2
LogDevObjectVersion:   Dev-LoadTimes (C2A15278-BFE7-4AFE-6C17-90FF531DF755): 1
LogDevObjectVersion:   Private-Geometry (6EACA3D4-40EC-4CC1-B786-8BED09428FC5): 3
LogDevObjectVersion:   Dev-AnimPhys (29E575DD-E0A3-4627-9D10-D276232CDCEA): 17
LogDevObjectVersion:   Dev-ReflectionCapture (6B266CEC-1EC7-4B8F-A30B-E4D90942FC07): 1
LogDevObjectVersion:   Dev-Automation (0DF73D61-A23F-47EA-B727-89E90C41499A): 1
LogDevObjectVersion:   FortniteMain (601D1886-AC64-4F84-AA16-D3DE0DEAC7D6): 12
LogDevObjectVersion:   Dev-Enterprise (9DFFBCD6-494F-0158-E221-12823C92A888): 1
LogStreaming: Display: Took  0.000s to delete old logs.
LogInit: Presizing for max 8388607 objects, including 0 objects not considered by GC, pre-allocating 0 bytes for permanent pool.
LogInit: Object subsystem initialized
[2018.07.24-14.10.58:830][  0]LogInit: Selected Device Profile: [Windows]
[2018.07.24-14.10.58:830][  0]LogInit: Applying CVar settings loaded from the selected device profile: [Windows]
[2018.07.24-14.10.58:839][  0]LogHAL: Display: Platform has ~ 16 GB [17128759296 / 17179869184 / 16], which maps to Larger [LargestMinGB=32, LargerMinGB=12, DefaultMinGB=8, SmallerMinGB=6, SmallestMinGB=0)
[2018.07.24-14.10.58:839][  0]LogInit: Setting Device Profile CVar: [[r.Vulkan.UseRealUBs:1]]
[2018.07.24-14.10.58:839][  0]LogInit: Going up to parent DeviceProfile []
[2018.07.24-14.10.58:839][  0]LogInit: Computer: DESKTOP-G8IDVO9
[2018.07.24-14.10.58:839][  0]LogInit: User: kchin
[2018.07.24-14.10.58:839][  0]LogInit: CPU Page size=4096, Cores=6
[2018.07.24-14.10.58:839][  0]LogInit: High frequency timer resolution =3.609375 MHz
[2018.07.24-14.10.58:839][  0]LogMemory: Memory total: Physical=16.0GB (16GB approx)
[2018.07.24-14.10.58:839][  0]LogMemory: Platform Memory Stats for Windows
[2018.07.24-14.10.58:839][  0]LogMemory: Process Physical Memory: 101.18 MB used, 101.18 MB peak
[2018.07.24-14.10.58:839][  0]LogMemory: Process Virtual Memory: 85.89 MB used, 85.89 MB peak
[2018.07.24-14.10.58:839][  0]LogMemory: Physical Memory: 6421.24 MB used,  9914.02 MB free, 16335.26 MB total
[2018.07.24-14.10.58:839][  0]LogMemory: Virtual Memory: 4651.26 MB used,  9914.02 MB free, 134217728.00 MB total
[2018.07.24-14.10.58:854][  0]LogInit: Using OS detected language (en-GB).
[2018.07.24-14.10.58:854][  0]LogInit: Using OS detected locale (en-ZA).
[2018.07.24-14.10.58:854][  0]LogTextLocalizationManager: No specific localization for 'en-GB' exists, so the 'en' localization will be used.
[2018.07.24-14.10.59:123][  0]LogStreaming: Display: Took  0.269s to InitEngineTextLocalization.
[2018.07.24-14.10.59:123][  0]LogInit: Setting process to per monitor DPI aware
[2018.07.24-14.10.59:142][  0]LogSlate: New Slate User Created.  User Index 0, Is Virtual User: 0
[2018.07.24-14.10.59:142][  0]LogSlate: Slate User Registered.  User Index 0, Is Virtual User: 0
[2018.07.24-14.10.59:303][  0]LogHMD: Failed to initialize OpenVR with code 110
[2018.07.24-14.10.59:303][  0]LogD3D11RHI: D3D11 adapters:
[2018.07.24-14.10.59:358][  0]LogD3D11RHI:    0. 'NVIDIA GeForce GTX 1080' (Feature Level 11_0)
[2018.07.24-14.10.59:358][  0]LogD3D11RHI:       8079/0/8167 MB DedicatedVideo/DedicatedSystem/SharedSystem, Outputs:1, VendorId:0x10de
[2018.07.24-14.10.59:359][  0]LogD3D11RHI:    1. 'Microsoft Basic Render Driver' (Feature Level 11_0)
[2018.07.24-14.10.59:359][  0]LogD3D11RHI:       0/0/8167 MB DedicatedVideo/DedicatedSystem/SharedSystem, Outputs:0, VendorId:0x1414
[2018.07.24-14.10.59:359][  0]LogD3D11RHI: Chosen D3D11 Adapter: 0
[2018.07.24-14.10.59:363][  0]LogD3D11RHI: Creating new Direct3DDevice
[2018.07.24-14.10.59:363][  0]LogD3D11RHI:     GPU DeviceId: 0x1b80 (for the marketing name, search the web for "GPU Device Id")
[2018.07.24-14.10.59:363][  0]LogWindows: EnumDisplayDevices:
[2018.07.24-14.10.59:364][  0]LogWindows:    0. 'NVIDIA GeForce GTX 1080' (P:1 D:1)
[2018.07.24-14.10.59:364][  0]LogWindows:    1. 'NVIDIA GeForce GTX 1080' (P:0 D:0)
[2018.07.24-14.10.59:364][  0]LogWindows:    2. 'NVIDIA GeForce GTX 1080' (P:0 D:0)
[2018.07.24-14.10.59:364][  0]LogWindows:    3. 'NVIDIA GeForce GTX 1080' (P:0 D:0)
[2018.07.24-14.10.59:364][  0]LogWindows: DebugString: FoundDriverCount:4 
[2018.07.24-14.10.59:364][  0]LogD3D11RHI:     Adapter Name: NVIDIA GeForce GTX 1080
[2018.07.24-14.10.59:364][  0]LogD3D11RHI:   Driver Version: 398.36 (internal:24.21.13.9836, unified:398.36)
[2018.07.24-14.10.59:364][  0]LogD3D11RHI:      Driver Date: 6-24-2018
[2018.07.24-14.10.59:364][  0]LogRHI: Texture pool is 5655 MB (70% of 8079 MB)
[2018.07.24-14.10.59:392][  0]LogD3D11RHI: Async texture creation enabled
[2018.07.24-14.10.59:406][  0]LogD3D11RHI: GPU Timing Frequency: 1000.000000 (Debug: 2 2)
[2018.07.24-14.10.59:454][  0]LogShaderCompilers: Guid format shader working directory is -17 characters bigger than the processId version (../../../../../../../GithubRepositories/MechaUnreal/MechaUnreal/Intermediate/Shaders/WorkingDirectory/4472/).
[2018.07.24-14.10.59:454][  0]LogShaderCompilers: Cleaned the shader compiler working directory 'C:/Users/kchin/AppData/Local/Temp/UnrealShaderWorkingDir/C9576B314D1ADFE80A3B399CAAC31351/'.
[2018.07.24-14.10.59:669][  0]LogTemp: Display: Loaded TP AllDesktopTargetPlatform
[2018.07.24-14.10.59:681][  0]LogTemp: Display: Loaded TP MacClientTargetPlatform
[2018.07.24-14.10.59:690][  0]LogTemp: Display: Loaded TP MacNoEditorTargetPlatform
[2018.07.24-14.10.59:699][  0]LogTemp: Display: Loaded TP MacServerTargetPlatform
[2018.07.24-14.10.59:708][  0]LogTemp: Display: Loaded TP MacTargetPlatform
[2018.07.24-14.10.59:716][  0]LogTemp: Display: Loaded TP WindowsClientTargetPlatform
[2018.07.24-14.10.59:725][  0]LogTemp: Display: Loaded TP WindowsNoEditorTargetPlatform
[2018.07.24-14.10.59:735][  0]LogTemp: Display: Loaded TP WindowsServerTargetPlatform
[2018.07.24-14.10.59:739][  0]LogTemp: Display: Loaded TP WindowsTargetPlatform
[2018.07.24-14.10.59:794][  0]LogTemp: Display: Loaded TP AndroidTargetPlatform
[2018.07.24-14.10.59:794][  0]LogTemp: Display: Loaded TP AndroidTargetPlatform
[2018.07.24-14.10.59:794][  0]LogTemp: Display: Loaded TP AndroidTargetPlatform
[2018.07.24-14.10.59:794][  0]LogTemp: Display: Loaded TP AndroidTargetPlatform
[2018.07.24-14.10.59:794][  0]LogTemp: Display: Loaded TP AndroidTargetPlatform
[2018.07.24-14.10.59:794][  0]LogTemp: Display: Loaded TP AndroidTargetPlatform
[2018.07.24-14.10.59:794][  0]LogTemp: Display: Loaded TP AndroidTargetPlatform
[2018.07.24-14.10.59:794][  0]LogTemp: Display: Loaded TP AndroidTargetPlatform
[2018.07.24-14.10.59:794][  0]LogTemp: Display: Loaded TP AndroidTargetPlatform
[2018.07.24-14.10.59:794][  0]LogTemp: Display: Loaded TP AndroidTargetPlatform
[2018.07.24-14.10.59:794][  0]LogTemp: Display: Loaded TP AndroidTargetPlatform
[2018.07.24-14.10.59:794][  0]LogTemp: Display: Loaded TP AndroidTargetPlatform
[2018.07.24-14.10.59:794][  0]LogTemp: Display: Loaded TP AndroidTargetPlatform
[2018.07.24-14.10.59:794][  0]LogTemp: Display: Loaded TP AndroidTargetPlatform
[2018.07.24-14.10.59:794][  0]LogTemp: Display: Loaded TP AndroidTargetPlatform
[2018.07.24-14.10.59:794][  0]LogTemp: Display: Loaded TP AndroidTargetPlatform
[2018.07.24-14.10.59:794][  0]LogTemp: Display: Loaded TP AndroidTargetPlatform
[2018.07.24-14.10.59:794][  0]LogTemp: Display: Loaded TP AndroidTargetPlatform
[2018.07.24-14.10.59:795][  0]LogTemp: Display: Loaded TP HTML5TargetPlatform
[2018.07.24-14.10.59:847][  0]LogTemp: Display: Loaded TP IOSTargetPlatform
[2018.07.24-14.10.59:847][  0]LogTemp: Display: Loaded TP IOSTargetPlatform
[2018.07.24-14.10.59:863][  0]LogTemp: Display: Loaded TP TVOSTargetPlatform
[2018.07.24-14.10.59:864][  0]LogTemp: Display: Loaded TP TVOSTargetPlatform
[2018.07.24-14.10.59:871][  0]LogTemp: Display: Loaded TP LinuxClientTargetPlatform
[2018.07.24-14.10.59:880][  0]LogTemp: Display: Loaded TP LinuxNoEditorTargetPlatform
[2018.07.24-14.10.59:889][  0]LogTemp: Display: Loaded TP LinuxServerTargetPlatform
[2018.07.24-14.10.59:898][  0]LogTemp: Display: Loaded TP LinuxTargetPlatform
[2018.07.24-14.10.59:904][  0]LogTemp: Display: Loaded TP LuminTargetPlatform
[2018.07.24-14.10.59:904][  0]LogTargetPlatformManager: Display: Building Assets For Windows
[2018.07.24-14.10.59:937][  0]LogXGEController: Cleaning working directory: C:/Users/kchin/AppData/Local/Temp/UnrealXGEWorkingDir/
[2018.07.24-14.10.59:937][  0]LogXGEController: Cannot use XGE Controller as Incredibuild is not installed on this machine.
[2018.07.24-14.10.59:937][  0]LogShaderCompilers: Cannot use XGE Shader Compiler as Incredibuild is not installed on this machine.
[2018.07.24-14.10.59:937][  0]LogShaderCompilers: Display: Using Local Shader Compiler.
[2018.07.24-14.11.00:471][  0]LogDerivedDataCache: Display: Max Cache Size: 512 MB
[2018.07.24-14.11.00:524][  0]LogDerivedDataCache: Loaded boot cache 0.05s 71MB C:/Users/kchin/AppData/Local/UnrealEngine/4.20/DerivedDataCache/Boot.ddc.
[2018.07.24-14.11.00:525][  0]LogDerivedDataCache: Display: Loaded Boot cache: C:/Users/kchin/AppData/Local/UnrealEngine/4.20/DerivedDataCache/Boot.ddc
[2018.07.24-14.11.00:525][  0]LogDerivedDataCache: FDerivedDataBackendGraph:  Pak pak cache file ../../../../../../../GithubRepositories/MechaUnreal/MechaUnreal/DerivedDataCache/DDC.ddp not found, will not use a pak cache.
[2018.07.24-14.11.00:525][  0]LogDerivedDataCache: Unable to find inner node Pak for hierarchical cache Hierarchy.
[2018.07.24-14.11.00:525][  0]LogDerivedDataCache: FDerivedDataBackendGraph:  CompressedPak pak cache file ../../../../../../../GithubRepositories/MechaUnreal/MechaUnreal/DerivedDataCache/Compressed.ddp not found, will not use a pak cache.
[2018.07.24-14.11.00:525][  0]LogDerivedDataCache: Unable to find inner node CompressedPak for hierarchical cache Hierarchy.
[2018.07.24-14.11.00:534][  0]LogDerivedDataCache: Display: Pak cache opened for reading ../../../Engine/DerivedDataCache/Compressed.ddp.
[2018.07.24-14.11.00:547][  0]LogDerivedDataCache: Using Local data cache path C:/Users/kchin/AppData/Local/UnrealEngine/Common/DerivedDataCache: Writable
[2018.07.24-14.11.00:547][  0]LogDerivedDataCache: Shared data cache path not found in *engine.ini, will not use an Shared cache.
[2018.07.24-14.11.00:547][  0]LogDerivedDataCache: Unable to find inner node Shared for hierarchical cache Hierarchy.
[2018.07.24-14.11.00:560][  0]LogMaterial: Verifying Global Shaders for PCD3D_SM5
[2018.07.24-14.11.00:562][  0]LogSlate: Using FreeType 2.6.0
[2018.07.24-14.11.00:562][  0]LogSlate: SlateFontServices - WITH_FREETYPE: 1, WITH_HARFBUZZ: 1
[2018.07.24-14.11.00:621][  0]LogAssetRegistry: FAssetRegistry took 0.0253 seconds to start up
[2018.07.24-14.11.00:838][  0]LogInit: Selected Device Profile: [Windows]
[2018.07.24-14.11.00:929][  0]LogSimplygon: Simplygon DLL not present - disabling.
[2018.07.24-14.11.00:931][  0]LogMeshReduction: Using SimplygonSwarm for distributed automatic mesh merging
[2018.07.24-14.11.00:931][  0]LogMeshReduction: Using ProxyLODMeshReduction for automatic mesh merging
[2018.07.24-14.11.00:931][  0]LogMeshReduction: Using QuadricMeshReduction for automatic static mesh reduction
[2018.07.24-14.11.00:931][  0]LogMeshReduction: No automatic skeletal mesh reduction module available
[2018.07.24-14.11.00:944][  0]LogNetVersion: MechaUnreal 1.0.0, NetCL: 4212847, EngineNetVer: 5, GameNetVer: 0 (Checksum: 1765144612)
[2018.07.24-14.11.01:311][  0]LogPackageLocalizationCache: Processed 11 localized package path(s) for 2 prioritized culture(s) in 0.061650 seconds
[2018.07.24-14.11.01:315][  0]LogUObjectArray: 38425 objects as part of root set at end of initial load.
[2018.07.24-14.11.01:315][  0]LogUObjectAllocator: 6690864 out of 0 bytes used by permanent object pool.
[2018.07.24-14.11.01:315][  0]LogUObjectArray: CloseDisregardForGC: 0/0 objects in disregard for GC pool
[2018.07.24-14.11.01:929][  0]LogTcpMessaging: Initializing TcpMessaging bridge
[2018.07.24-14.11.01:943][  0]LogUdpMessaging: Initializing bridge on interface 0.0.0.0:0 to multicast group 230.0.0.1:6666.
[2018.07.24-14.11.02:081][  0]SourceControl: Source control is disabled
[2018.07.24-14.11.02:081][  0]SourceControl: Source control is disabled
[2018.07.24-14.11.02:082][  0]SourceControl: Source control is disabled
[2018.07.24-14.11.02:083][  0]SourceControl: Source control is disabled
[2018.07.24-14.11.02:244][  0]LogAndroidPermission: UAndroidPermissionCallbackProxy::GetInstance
[2018.07.24-14.11.02:294][  0]LogOcInput: OculusInput pre-init called
[2018.07.24-14.11.02:338][  0]LogEngine: Initializing Engine...
[2018.07.24-14.11.02:339][  0]LogHMD: Failed to initialize OpenVR with code 110
[2018.07.24-14.11.02:339][  0]LogStats: UGameplayTagsManager::ConstructGameplayTagTree: ImportINI prefixes -  0.000 s
[2018.07.24-14.11.02:339][  0]LogStats: UGameplayTagsManager::ConstructGameplayTagTree: Construct from data asset -  0.000 s
[2018.07.24-14.11.02:339][  0]LogStats: UGameplayTagsManager::ConstructGameplayTagTree: ImportINI -  0.000 s
[2018.07.24-14.11.02:339][  0]LogStats: UGameplayTagsManager::ConstructGameplayTagTree: GameplayTagTreeChangedEvent.Broadcast -  0.000 s
[2018.07.24-14.11.02:496][  0]LogInit: Initializing FReadOnlyCVARCache
[2018.07.24-14.11.02:547][  0]LogAIModule: Creating AISystem for world Untitled
[2018.07.24-14.11.02:559][  0]LogInit: XAudio2 using 'Speakers (Realtek High Definition Audio)' : 2 channels at 48 kHz using 32 bits per sample (channel mask 0x3)
[2018.07.24-14.11.02:576][  0]LogInit: FAudioDevice initialized.
[2018.07.24-14.11.02:576][  0]LogNetVersion: Set ProjectVersion to 1.0.0.0. Version Checksum will be recalculated on next use.
[2018.07.24-14.11.02:641][  0]LogDerivedDataCache: Saved boot cache 0.07s 71MB C:/Users/kchin/AppData/Local/UnrealEngine/4.20/DerivedDataCache/Boot.ddc.
[2018.07.24-14.11.02:647][  0]LogInit: Texture streaming: Enabled
[2018.07.24-14.11.02:656][  0]LogEngineSessionManager: EngineSessionManager initialized
[2018.07.24-14.11.02:662][  0]LogInit: Transaction tracking system initialized
[2018.07.24-14.11.02:673][  0]BlueprintLog: New page: Editor Load
[2018.07.24-14.11.02:712][  0]LocalizationService: Localization service is disabled
[2018.07.24-14.11.02:938][  0]LogCook: Display: Max memory allowance for cook 16384mb min free memory 0mb
[2018.07.24-14.11.02:938][  0]LogCook: Display: Mobile HDR setting 1
[2018.07.24-14.11.02:938][  0]LogGameplayTags: Display: UGameplayTagsManager::DoneAddingNativeTags. DelegateIsBound: 0
[2018.07.24-14.11.02:938][  0]LogStats: UGameplayTagsManager::ConstructGameplayTagTree: ImportINI prefixes -  0.000 s
[2018.07.24-14.11.02:938][  0]LogStats: UGameplayTagsManager::ConstructGameplayTagTree: Construct from data asset -  0.000 s
[2018.07.24-14.11.02:938][  0]LogStats: UGameplayTagsManager::ConstructGameplayTagTree: ImportINI -  0.000 s
[2018.07.24-14.11.02:938][  0]LogStats: UGameplayTagsManager::ConstructGameplayTagTree: GameplayTagTreeChangedEvent.Broadcast -  0.000 s
[2018.07.24-14.11.03:012][  0]LogFileCache: Scanning file cache for directory 'D:/GithubRepositories/MechaUnreal/MechaUnreal/Content/' took 0.01s
[2018.07.24-14.11.03:012][  0]SourceControl: Source control is disabled
[2018.07.24-14.11.03:013][  0]Cmd: MAP LOAD FILE="../../../../../../../GithubRepositories/MechaUnreal/MechaUnreal/Content/StarterContent/Maps/Minimal_Default.umap" TEMPLATE=0 SHOWPROGRESS=1 FEATURELEVEL=3
[2018.07.24-14.11.03:013][  0]LightingResults: New page: Lighting Build
[2018.07.24-14.11.03:014][  0]MapCheck: New page: Map Check
[2018.07.24-14.11.03:014][  0]LightingResults: New page: Lighting Build
[2018.07.24-14.11.03:295][  0]LogAIModule: Creating AISystem for world Minimal_Default
[2018.07.24-14.11.03:300][  0]LogEditorServer: Finished looking for orphan Actors (0.000 secs)
[2018.07.24-14.11.03:320][  0]Cmd: MAP CHECKDEP NOCLEARLOG
[2018.07.24-14.11.03:356][  0]MapCheck: Map check complete: 0 Error(s), 0 Warning(s), took 35,089ms to complete.
[2018.07.24-14.11.03:356][  0]LogFileHelpers: Loading map 'Minimal_Default' took 0.343
[2018.07.24-14.11.03:434][  0]LogSlate: Updating window title bar state: overlay mode, drag disabled, window buttons hidden, title bar hidden
[2018.07.24-14.11.03:439][  0]LogSlate: Updating window title bar state: overlay mode, drag disabled, window buttons hidden, title bar hidden
[2018.07.24-14.11.03:444][  0]LogSlate: Updating window title bar state: overlay mode, drag disabled, window buttons hidden, title bar hidden
[2018.07.24-14.11.03:449][  0]LogSlate: Updating window title bar state: overlay mode, drag disabled, window buttons hidden, title bar hidden
[2018.07.24-14.11.03:452][  0]LogCollectionManager: Loaded 0 collections in 0.000687 seconds
[2018.07.24-14.11.03:507][  0]LogFileCache: Scanning file cache for directory 'D:/GithubRepositories/MechaUnreal/MechaUnreal/Saved/Collections/' took 0.01s
[2018.07.24-14.11.03:507][  0]LogFileCache: Scanning file cache for directory 'D:/GithubRepositories/MechaUnreal/MechaUnreal/Content/Developers/kchin/Collections/' took 0.01s
[2018.07.24-14.11.03:507][  0]LogFileCache: Scanning file cache for directory 'D:/GithubRepositories/MechaUnreal/MechaUnreal/Content/Collections/' took 0.01s
[2018.07.24-14.11.03:507][  0]LogCollectionManager: Rebuilt the GUID cache for 0 collections in 0.000001 seconds
[2018.07.24-14.11.03:522][  0]LogContentBrowser: Native class hierarchy populated in 0.0140 seconds. Added 2572 classes and 603 folders.
[2018.07.24-14.11.03:527][  0]LogContentBrowser: Native class hierarchy updated for 'WidgetCarousel' in 0.0002 seconds. Added 0 classes and 0 folders.
[2018.07.24-14.11.03:551][  0]LogContentBrowser: Native class hierarchy updated for 'AddContentDialog' in 0.0002 seconds. Added 0 classes and 0 folders.
[2018.07.24-14.11.03:555][  0]LogContentBrowser: Native class hierarchy updated for 'SceneOutliner' in 0.0002 seconds. Added 1 classes and 2 folders.
[2018.07.24-14.11.03:588][  0]LogSlate: Took 0.000171 seconds to synchronously load lazily loaded font '../../../Engine/Content/Slate/Fonts/Roboto-Regular.ttf' (155K)
[2018.07.24-14.11.03:590][  0]LogSlate: Took 0.000129 seconds to synchronously load lazily loaded font '../../../Engine/Content/Slate/Fonts/Roboto-Bold.ttf' (160K)
[2018.07.24-14.11.03:592][  0]LogSlate: Took 0.000134 seconds to synchronously load lazily loaded font '../../../Engine/Content/Editor/Slate/Fonts/FontAwesome.ttf' (139K)
[2018.07.24-14.11.03:639][  0]LogRenderer: Reallocating scene render targets to support 1468x656 Format 10 NumSamples 1 (Frame:1).
[2018.07.24-14.11.03:752][  0]LogContentBrowser: Native class hierarchy updated for 'HierarchicalLODOutliner' in 0.0002 seconds. Added 0 classes and 0 folders.
[2018.07.24-14.11.03:752][  0]LogLoad: (Engine Initialization) Total time: 6.31 seconds
[2018.07.24-14.11.03:752][  0]LogLoad: (Engine Initialization) Total Blueprint compile time: 0.00 seconds
[2018.07.24-14.11.03:783][  0]LogAssetRegistry: Asset discovery search completed in 3.1849 seconds
[2018.07.24-14.11.03:784][  0]LogCollectionManager: Rebuilt the object cache for 0 collections in 0.000000 seconds (found 0 objects)
[2018.07.24-14.11.03:784][  0]LogCollectionManager: Fixed up redirectors for 0 collections in 0.000036 seconds (updated 0 objects)
[2018.07.24-14.11.03:786][  0]LogContentStreaming: Texture pool size now 3000 MB
[2018.07.24-14.11.10:079][201]LogSlate: FSceneViewport::OnFocusLost() reason 2
[2018.07.24-14.11.13:637][627]LogSlate: FSceneViewport::OnFocusLost() reason 0
[2018.07.24-14.11.14:451][724]LogSlate: Took 0.000154 seconds to synchronously load lazily loaded font '../../../Engine/Content/Slate/Fonts/Roboto-Light.ttf' (167K)
[2018.07.24-14.19.00:056][563]LogSlate: Window 'Save Content' being destroyed
[2018.07.24-14.19.00:064][563]LogSlate: Took 0.000123 seconds to synchronously load lazily loaded font '../../../Engine/Content/Slate/Fonts/Roboto-Light.ttf' (167K)
[2018.07.24-14.19.00:111][563]LogSavePackage: Moving '../../../../../../../GithubRepositories/MechaUnreal/MechaUnreal/Saved/M_Water_Ocean640966314A31B2B8F7219B9EB3295B18.tmp' to '../../../../../../../GithubRepositories/MechaUnreal/MechaUnreal/Content/StarterContent/Materials/M_Water_Ocean.uasset'
[2018.07.24-14.19.15:988][333]Cmd: TRANSACTION UNDO
[2018.07.24-14.19.15:988][333]LogEditorTransaction: Undo Create Actors
[2018.07.24-14.19.20:020][810]LogSlate: FSceneViewport::OnFocusLost() reason 0
[2018.07.24-14.20.04:715][260]LogSlate: FSceneViewport::OnFocusLost() reason 2
[2018.07.24-14.20.09:956][826]LogRenderer: Reallocating scene render targets to support 1468x924 Format 10 NumSamples 1 (Frame:9429).
[2018.07.24-14.21.04:166][326]LogSavePackage: Moving '../../../../../../../GithubRepositories/MechaUnreal/MechaUnreal/Saved/Minimal_Default_Auto1E4674B484C900D26A7E259A2EA44F07B.tmp' to '../../../../../../../GithubRepositories/MechaUnreal/MechaUnreal/Saved/Autosaves/Game/StarterContent/Maps/Minimal_Default_Auto1.umap'
[2018.07.24-14.21.04:167][326]LogFileHelpers: Editor autosave (incl. sublevels) for '/Game/StarterContent/Maps/Minimal_Default' took 0.097
[2018.07.24-14.21.04:167][326]LogFileHelpers: Editor autosave (incl. sublevels) for all levels took 0.097
[2018.07.24-14.22.19:186][551]LogSlate: FSceneViewport::OnFocusLost() reason 2
[2018.07.24-14.22.28:562][655]LogTemp: Repeating last play command: Selected Viewport
[2018.07.24-14.22.28:572][655]LogBlueprintUserMessages: Early PlayInEditor Detection: Level '/Game/StarterContent/Maps/Minimal_Default.Minimal_Default:PersistentLevel' has LevelScriptBlueprint '/Game/StarterContent/Maps/Minimal_Default.Minimal_Default:PersistentLevel.Minimal_Default' with GeneratedClass '/Game/StarterContent/Maps/Minimal_Default.Minimal_Default_C' with ClassGeneratedBy '/Game/StarterContent/Maps/Minimal_Default.Minimal_Default:PersistentLevel.Minimal_Default'
[2018.07.24-14.22.28:572][655]LogPlayLevel: PlayLevel: No blueprints needed recompiling
[2018.07.24-14.22.28:584][655]PIE: New page: PIE session: Minimal_Default (24 Jul 2018, 6:22:28 PM)
[2018.07.24-14.22.28:584][655]LogPlayLevel: Creating play world package: /Game/StarterContent/Maps/UEDPIE_0_Minimal_Default
[2018.07.24-14.22.28:587][655]LogPlayLevel: PIE: StaticDuplicateObject took: (0.003273s)
[2018.07.24-14.22.28:588][655]LogAIModule: Creating AISystem for world Minimal_Default
[2018.07.24-14.22.28:588][655]LogPlayLevel: PIE: World Init took: (0.000876s)
[2018.07.24-14.22.28:588][655]LogPlayLevel: PIE: Created PIE world by copying editor world from /Game/StarterContent/Maps/Minimal_Default.Minimal_Default to /Game/StarterContent/Maps/UEDPIE_0_Minimal_Default.Minimal_Default (0.004260s)
[2018.07.24-14.22.28:619][655]LogInit: XAudio2 using 'Speakers (Realtek High Definition Audio)' : 2 channels at 48 kHz using 32 bits per sample (channel mask 0x3)
[2018.07.24-14.22.28:634][655]LogInit: FAudioDevice initialized.
[2018.07.24-14.22.28:634][655]LogSlate: FSceneViewport::OnFocusLost() reason 2
[2018.07.24-14.22.28:671][655]LogLoad: Game class is 'GameModeBase'
[2018.07.24-14.22.28:672][655]LogWorld: Bringing World /Game/StarterContent/Maps/UEDPIE_0_Minimal_Default.Minimal_Default up for play (max tick rate 0) at 2018.07.24-16.22.28
[2018.07.24-14.22.28:673][655]LogWorld: Bringing up level for play took: 0.000996
[2018.07.24-14.22.28:687][655]LogContentBrowser: Native class hierarchy updated for 'MovieSceneCapture' in 0.0002 seconds. Added 10 classes and 0 folders.
[2018.07.24-14.22.28:688][655]PIE: Play in editor start time for /Game/StarterContent/Maps/UEDPIE_0_Minimal_Default 0,708
[2018.07.24-14.22.28:688][655]LogBlueprintUserMessages: Late PlayInEditor Detection: Level '/Game/StarterContent/Maps/Minimal_Default.Minimal_Default:PersistentLevel' has LevelScriptBlueprint '/Game/StarterContent/Maps/Minimal_Default.Minimal_Default:PersistentLevel.Minimal_Default' with GeneratedClass '/Game/StarterContent/Maps/Minimal_Default.Minimal_Default_C' with ClassGeneratedBy '/Game/StarterContent/Maps/Minimal_Default.Minimal_Default:PersistentLevel.Minimal_Default'
[2018.07.24-14.23.10:925][720]LogBlueprintUserMessages: Early EndPlayMap Detection: Level '/Game/StarterContent/Maps/Minimal_Default.Minimal_Default:PersistentLevel' has LevelScriptBlueprint '/Game/StarterContent/Maps/Minimal_Default.Minimal_Default:PersistentLevel.Minimal_Default' with GeneratedClass '/Game/StarterContent/Maps/Minimal_Default.Minimal_Default_C' with ClassGeneratedBy '/Game/StarterContent/Maps/Minimal_Default.Minimal_Default:PersistentLevel.Minimal_Default'
[2018.07.24-14.23.10:925][720]LogSlate: Updating window title bar state: overlay mode, drag disabled, window buttons hidden, title bar hidden
[2018.07.24-14.23.10:956][720]LogPlayLevel: Display: Shutting down PIE online subsystems
[2018.07.24-14.23.10:957][720]LogBlueprintUserMessages: Late EndPlayMap Detection: Level '/Game/StarterContent/Maps/Minimal_Default.Minimal_Default:PersistentLevel' has LevelScriptBlueprint '/Game/StarterContent/Maps/Minimal_Default.Minimal_Default:PersistentLevel.Minimal_Default' with GeneratedClass '/Game/StarterContent/Maps/Minimal_Default.Minimal_Default_C' with ClassGeneratedBy '/Game/StarterContent/Maps/Minimal_Default.Minimal_Default:PersistentLevel.Minimal_Default'
[2018.07.24-14.23.10:981][720]LogSlate: Updating window title bar state: overlay mode, drag disabled, window buttons hidden, title bar hidden
[2018.07.24-14.23.11:029][725]LogPlayLevel: Display: Destroying online subsystem :Context_2
[2018.07.24-14.23.21:498][596]LogSlate: FSceneViewport::OnFocusLost() reason 2
